2016-10-29T17:02:10.845+0800 I CONTROL  [main] ***** SERVER RESTARTED *****
2016-10-29T17:02:10.859+0800 I CONTROL  [initandlisten] MongoDB starting : pid=21814 port=27017 dbpath=/var/lib/mongo 64-bit host=VM_11_87_centos
2016-10-29T17:02:10.859+0800 I CONTROL  [initandlisten] db version v3.2.10
2016-10-29T17:02:10.859+0800 I CONTROL  [initandlisten] git version: 79d9b3ab5ce20f51c272b4411202710a082d0317
2016-10-29T17:02:10.859+0800 I CONTROL  [initandlisten] OpenSSL version: OpenSSL 1.0.1e-fips 11 Feb 2013
2016-10-29T17:02:10.859+0800 I CONTROL  [initandlisten] allocator: tcmalloc
2016-10-29T17:02:10.859+0800 I CONTROL  [initandlisten] modules: none
2016-10-29T17:02:10.859+0800 I CONTROL  [initandlisten] build environment:
2016-10-29T17:02:10.859+0800 I CONTROL  [initandlisten]     distmod: rhel70
2016-10-29T17:02:10.859+0800 I CONTROL  [initandlisten]     distarch: x86_64
2016-10-29T17:02:10.859+0800 I CONTROL  [initandlisten]     target_arch: x86_64
2016-10-29T17:02:10.859+0800 I CONTROL  [initandlisten] options: { config: "/etc/mongod.conf", net: { bindIp: "127.0.0.1", port: 27017 }, processManagement: { fork: true, pidFilePath: "/var/run/mongodb/mongod.pid" }, storage: { dbPath: "/var/lib/mongo", journal: { enabled: true } }, systemLog: { destination: "file", logAppend: true, path: "/var/log/mongodb/mongod.log" } }
2016-10-29T17:02:10.881+0800 I STORAGE  [initandlisten] wiredtiger_open config: create,cache_size=1G,session_max=20000,eviction=(threads_max=4),config_base=false,statistics=(fast),log=(enabled=true,archive=true,path=journal,compressor=snappy),file_manager=(close_idle_time=100000),checkpoint=(wait=60,log_size=2GB),statistics_log=(wait=0),
2016-10-29T17:02:15.843+0800 I CONTROL  [initandlisten] 
2016-10-29T17:02:15.843+0800 I CONTROL  [initandlisten] ** WARNING: /sys/kernel/mm/transparent_hugepage/enabled is 'always'.
2016-10-29T17:02:15.843+0800 I CONTROL  [initandlisten] **        We suggest setting it to 'never'
2016-10-29T17:02:15.843+0800 I CONTROL  [initandlisten] 
2016-10-29T17:02:15.843+0800 I CONTROL  [initandlisten] ** WARNING: /sys/kernel/mm/transparent_hugepage/defrag is 'always'.
2016-10-29T17:02:15.843+0800 I CONTROL  [initandlisten] **        We suggest setting it to 'never'
2016-10-29T17:02:15.843+0800 I CONTROL  [initandlisten] 
2016-10-29T17:02:16.019+0800 I FTDC     [initandlisten] Initializing full-time diagnostic data capture with directory '/var/lib/mongo/diagnostic.data'
2016-10-29T17:02:16.023+0800 I NETWORK  [HostnameCanonicalizationWorker] Starting hostname canonicalization worker
2016-10-29T17:02:16.086+0800 I NETWORK  [initandlisten] waiting for connections on port 27017
